<?xml version="1.0" encoding="UTF-8"?>
<testsuite name="heist.make.sdk.kt.sse.EventSourceTest" tests="1" skipped="0" failures="0" errors="0" timestamp="2022-06-16T12:41:40" hostname="Mohameds-MacBook-Pro-2.local" time="0.072">
  <properties/>
  <testcase name="testEventSource()" classname="heist.make.sdk.kt.sse.EventSourceTest" time="0.072"/>
  <system-out><![CDATA[data: Yahya!
data: this is data
data: I am a message

MessageEvent(
data= 
data: Yahya!
data: this is data
data: I am a message
, type= message)

]]></system-out>
  <system-err><![CDATA[]]></system-err>
</testsuite>
